[0.011s] Invoking command in '/home/robozoz/course_ws/src/build/diff_bot': CMAKE_PREFIX_PATH=${CMAKE_PREFIX_PATH}:/home/robozoz/ws/install/opencv_tests:/opt/ros/foxy /usr/bin/cmake /home/robozoz/course_ws/src/diff_bot -DAMENT_CMAKE_SYMLINK_INSTALL=1 -DCMAKE_INSTALL_PREFIX=/home/robozoz/course_ws/src/install/diff_bot
[0.197s] -- The C compiler identification is GNU 9.4.0
[0.250s] -- The CXX compiler identification is GNU 9.4.0
[0.255s] -- Check for working C compiler: /usr/bin/cc
[0.341s] -- Check for working C compiler: /usr/bin/cc -- works
[0.406s] -- Detecting C compiler ABI info
[0.483s] -- Detecting C compiler ABI info - done
[0.494s] -- Detecting C compile features
[0.494s] -- Detecting C compile features - done
[0.509s] -- Check for working CXX compiler: /usr/bin/c++
[0.587s] -- Check for working CXX compiler: /usr/bin/c++ -- works
[0.588s] -- Detecting CXX compiler ABI info
[0.669s] -- Detecting CXX compiler ABI info - done
[0.680s] -- Detecting CXX compile features
[0.681s] -- Detecting CXX compile features - done
[0.684s] -- Found ament_cmake: 0.9.12 (/opt/ros/foxy/share/ament_cmake/cmake)
[0.729s] -- Found PythonInterp: /usr/bin/python3 (found suitable version "3.8.10", minimum required is "3") 
[0.729s] -- Using PYTHON_EXECUTABLE: /usr/bin/python3
[0.908s] -- Override CMake install command with custom implementation using symlinks instead of copying resources
[0.977s] -- Found rclcpp: 2.4.3 (/opt/ros/foxy/share/rclcpp/cmake)
[1.031s] -- Using all available rosidl_typesupport_c: rosidl_typesupport_fastrtps_c;rosidl_typesupport_introspection_c
[1.042s] -- Found rosidl_adapter: 1.3.1 (/opt/ros/foxy/share/rosidl_adapter/cmake)
[1.166s] -- Found OpenSSL: /usr/lib/x86_64-linux-gnu/libcrypto.so (found version "1.1.1f")  
[1.201s] -- Found FastRTPS: /opt/ros/foxy/include  
[1.290s] -- Using all available rosidl_typesupport_cpp: rosidl_typesupport_fastrtps_cpp;rosidl_typesupport_introspection_cpp
[1.356s] -- Found rmw_implementation_cmake: 1.0.4 (/opt/ros/foxy/share/rmw_implementation_cmake/cmake)
[1.358s] -- Using RMW implementation 'rmw_fastrtps_cpp' as default
[1.359s] -- Looking for pthread.h
[1.445s] -- Looking for pthread.h - found
[1.445s] -- Performing Test CMAKE_HAVE_LIBC_PTHREAD
[1.536s] -- Performing Test CMAKE_HAVE_LIBC_PTHREAD - Failed
[1.536s] -- Looking for pthread_create in pthreads
[1.606s] -- Looking for pthread_create in pthreads - not found
[1.606s] -- Looking for pthread_create in pthread
[1.698s] -- Looking for pthread_create in pthread - found
[1.699s] -- Found Threads: TRUE  
[1.864s] -- Found ament_lint_auto: 0.9.8 (/opt/ros/foxy/share/ament_lint_auto/cmake)
[1.951s] -- Added test 'copyright' to check source files copyright and LICENSE
[1.954s] -- Added test 'flake8' to check Python code syntax and style conventions
[1.955s] -- Added test 'lint_cmake' to check CMake code style
[1.955s] -- Added test 'pep257' to check Python code against some of the style conventions in PEP 257
[1.957s] -- Added test 'xmllint' to check XML markup files
[1.960s] -- Configuring done
[1.962s] -- Generating done
[1.963s] -- Build files have been written to: /home/robozoz/course_ws/src/build/diff_bot
[1.972s] Invoked command in '/home/robozoz/course_ws/src/build/diff_bot' returned '0': CMAKE_PREFIX_PATH=${CMAKE_PREFIX_PATH}:/home/robozoz/ws/install/opencv_tests:/opt/ros/foxy /usr/bin/cmake /home/robozoz/course_ws/src/diff_bot -DAMENT_CMAKE_SYMLINK_INSTALL=1 -DCMAKE_INSTALL_PREFIX=/home/robozoz/course_ws/src/install/diff_bot
[1.975s] Invoking command in '/home/robozoz/course_ws/src/build/diff_bot': CMAKE_PREFIX_PATH=${CMAKE_PREFIX_PATH}:/home/robozoz/ws/install/opencv_tests:/opt/ros/foxy /usr/bin/cmake --build /home/robozoz/course_ws/src/build/diff_bot -- -j8 -l8
[2.025s] Invoked command in '/home/robozoz/course_ws/src/build/diff_bot' returned '0': CMAKE_PREFIX_PATH=${CMAKE_PREFIX_PATH}:/home/robozoz/ws/install/opencv_tests:/opt/ros/foxy /usr/bin/cmake --build /home/robozoz/course_ws/src/build/diff_bot -- -j8 -l8
[2.067s] Invoking command in '/home/robozoz/course_ws/src/build/diff_bot': CMAKE_PREFIX_PATH=${CMAKE_PREFIX_PATH}:/home/robozoz/ws/install/opencv_tests:/opt/ros/foxy /usr/bin/cmake --install /home/robozoz/course_ws/src/build/diff_bot
[2.079s] -- Install configuration: ""
[2.079s] -- Execute custom install script
[2.080s] -- Symlinking: /home/robozoz/course_ws/src/install/diff_bot/share/diff_bot/urdf/caster_wheel.xacro
[2.090s] -- Symlinking: /home/robozoz/course_ws/src/install/diff_bot/share/diff_bot/urdf/chassis.xacro
[2.100s] -- Symlinking: /home/robozoz/course_ws/src/install/diff_bot/share/diff_bot/urdf/control.xacro
[2.110s] -- Symlinking: /home/robozoz/course_ws/src/install/diff_bot/share/diff_bot/urdf/gazebo_control.xacro
[2.119s] -- Symlinking: /home/robozoz/course_ws/src/install/diff_bot/share/diff_bot/urdf/inertial_macros.xacro
[2.129s] -- Symlinking: /home/robozoz/course_ws/src/install/diff_bot/share/diff_bot/urdf/lidar.xacro
[2.138s] -- Symlinking: /home/robozoz/course_ws/src/install/diff_bot/share/diff_bot/urdf/properties.xacro
[2.150s] -- Symlinking: /home/robozoz/course_ws/src/install/diff_bot/share/diff_bot/urdf/robot.urdf.xacro
[2.160s] -- Symlinking: /home/robozoz/course_ws/src/install/diff_bot/share/diff_bot/urdf/wheels.xacro
[2.180s] -- Symlinking: /home/robozoz/course_ws/src/install/diff_bot/share/diff_bot/launch/robot.launch.py
[2.191s] -- Symlinking: /home/robozoz/course_ws/src/install/diff_bot/share/diff_bot/launch/rsp.launch.py
[2.200s] -- Symlinking: /home/robozoz/course_ws/src/install/diff_bot/share/diff_bot/launch/simulation.launch.py
[2.209s] -- Symlinking: /home/robozoz/course_ws/src/install/diff_bot/share/diff_bot/config/diff_drive_controller.yaml
[2.219s] -- Symlinking: /home/robozoz/course_ws/src/install/diff_bot/share/diff_bot/rviz/show_robot.rviz
[2.230s] -- Symlinking: /home/robozoz/course_ws/src/install/diff_bot/share/ament_index/resource_index/package_run_dependencies/diff_bot
[2.240s] -- Symlinking: /home/robozoz/course_ws/src/install/diff_bot/share/ament_index/resource_index/parent_prefix_path/diff_bot
[2.250s] -- Symlinking: /home/robozoz/course_ws/src/install/diff_bot/share/diff_bot/environment/ament_prefix_path.sh
[2.259s] -- Symlinking: /home/robozoz/course_ws/src/install/diff_bot/share/diff_bot/environment/ament_prefix_path.dsv
[2.270s] -- Symlinking: /home/robozoz/course_ws/src/install/diff_bot/share/diff_bot/environment/path.sh
[2.283s] -- Symlinking: /home/robozoz/course_ws/src/install/diff_bot/share/diff_bot/environment/path.dsv
[2.292s] -- Symlinking: /home/robozoz/course_ws/src/install/diff_bot/share/diff_bot/local_setup.bash
[2.302s] -- Symlinking: /home/robozoz/course_ws/src/install/diff_bot/share/diff_bot/local_setup.sh
[2.313s] -- Symlinking: /home/robozoz/course_ws/src/install/diff_bot/share/diff_bot/local_setup.zsh
[2.324s] -- Symlinking: /home/robozoz/course_ws/src/install/diff_bot/share/diff_bot/local_setup.dsv
[2.333s] -- Symlinking: /home/robozoz/course_ws/src/install/diff_bot/share/diff_bot/package.dsv
[2.343s] -- Symlinking: /home/robozoz/course_ws/src/install/diff_bot/share/ament_index/resource_index/packages/diff_bot
[2.353s] -- Symlinking: /home/robozoz/course_ws/src/install/diff_bot/share/diff_bot/cmake/diff_botConfig.cmake
[2.364s] -- Symlinking: /home/robozoz/course_ws/src/install/diff_bot/share/diff_bot/cmake/diff_botConfig-version.cmake
[2.376s] -- Symlinking: /home/robozoz/course_ws/src/install/diff_bot/share/diff_bot/package.xml
[2.388s] Invoked command in '/home/robozoz/course_ws/src/build/diff_bot' returned '0': CMAKE_PREFIX_PATH=${CMAKE_PREFIX_PATH}:/home/robozoz/ws/install/opencv_tests:/opt/ros/foxy /usr/bin/cmake --install /home/robozoz/course_ws/src/build/diff_bot
