[0.195s] DEBUG:colcon:Command line arguments: ['/usr/bin/colcon', 'build', '--symlink-install', '--packages-select', 'diff_bot']
[0.195s] DEBUG:colcon:Parsed command line arguments: Namespace(allow_overriding=[], ament_cmake_args=None, base_paths=['.'], build_base='build', catkin_cmake_args=None, catkin_skip_building_tests=False, cmake_args=None, cmake_clean_cache=False, cmake_clean_first=False, cmake_force_configure=False, cmake_target=None, cmake_target_skip_unavailable=False, continue_on_error=False, event_handlers=None, executor='parallel', ignore_user_meta=False, install_base='install', log_base=None, log_level=None, main=<bound method BuildVerb.main of <colcon_core.verb.build.BuildVerb object at 0x7f78216bc8e0>>, merge_install=False, metas=['./colcon.meta'], mixin=None, mixin_files=None, mixin_verb=('build',), packages_above=None, packages_above_and_dependencies=None, packages_above_depth=None, packages_end=None, packages_ignore=None, packages_ignore_regex=None, packages_select=['diff_bot'], packages_select_build_failed=False, packages_select_by_dep=None, packages_select_regex=None, packages_select_test_failures=False, packages_skip=None, packages_skip_build_finished=False, packages_skip_by_dep=None, packages_skip_regex=None, packages_skip_test_passed=False, packages_skip_up_to=None, packages_start=None, packages_up_to=None, packages_up_to_regex=None, parallel_workers=8, paths=None, symlink_install=True, test_result_base=None, verb_extension=<colcon_core.verb.build.BuildVerb object at 0x7f78216bc8e0>, verb_name='build', verb_parser=<colcon_mixin.mixin.mixin_argument.MixinArgumentDecorator object at 0x7f7821611be0>)
[0.351s] Level 1:colcon.colcon_core.package_discovery:discover_packages(colcon_meta) check parameters
[0.351s] Level 1:colcon.colcon_core.package_discovery:discover_packages(recursive) check parameters
[0.351s] Level 1:colcon.colcon_core.package_discovery:discover_packages(ignore) check parameters
[0.351s] Level 1:colcon.colcon_core.package_discovery:discover_packages(path) check parameters
[0.351s] Level 1:colcon.colcon_core.package_discovery:discover_packages(colcon_meta) discover
[0.351s] Level 1:colcon.colcon_core.package_discovery:discover_packages(recursive) discover
[0.351s] INFO:colcon.colcon_core.package_discovery:Crawling recursively for packages in '/home/robozoz/course_ws/src'
[0.351s] Level 1:colcon.colcon_core.package_identification:_identify(.) by extensions ['ignore', 'ignore_ament_install']
[0.351s] Level 1:colcon.colcon_core.package_identification:_identify(.) by extension 'ignore'
[0.351s] Level 1:colcon.colcon_core.package_identification:_identify(.) by extension 'ignore_ament_install'
[0.352s] Level 1:colcon.colcon_core.package_identification:_identify(.) by extensions ['colcon_pkg']
[0.352s] Level 1:colcon.colcon_core.package_identification:_identify(.) by extension 'colcon_pkg'
[0.352s] Level 1:colcon.colcon_core.package_identification:_identify(.) by extensions ['colcon_meta']
[0.352s] Level 1:colcon.colcon_core.package_identification:_identify(.) by extension 'colcon_meta'
[0.352s] Level 1:colcon.colcon_core.package_identification:_identify(.) by extensions ['ros']
[0.352s] Level 1:colcon.colcon_core.package_identification:_identify(.) by extension 'ros'
[0.362s] Level 1:colcon.colcon_core.package_identification:_identify(.) by extensions ['cmake', 'python']
[0.362s] Level 1:colcon.colcon_core.package_identification:_identify(.) by extension 'cmake'
[0.362s] Level 1:colcon.colcon_core.package_identification:_identify(.) by extension 'python'
[0.362s] Level 1:colcon.colcon_core.package_identification:_identify(.) by extensions ['python_setup_py']
[0.362s] Level 1:colcon.colcon_core.package_identification:_identify(.) by extension 'python_setup_py'
[0.362s] Level 1:colcon.colcon_core.package_identification:_identify(build) by extensions ['ignore', 'ignore_ament_install']
[0.362s] Level 1:colcon.colcon_core.package_identification:_identify(build) by extension 'ignore'
[0.362s] Level 1:colcon.colcon_core.package_identification:_identify(build) ignored
[0.362s] Level 1:colcon.colcon_core.package_identification:_identify(diff_bot) by extensions ['ignore', 'ignore_ament_install']
[0.363s] Level 1:colcon.colcon_core.package_identification:_identify(diff_bot) by extension 'ignore'
[0.363s] Level 1:colcon.colcon_core.package_identification:_identify(diff_bot) by extension 'ignore_ament_install'
[0.363s] Level 1:colcon.colcon_core.package_identification:_identify(diff_bot) by extensions ['colcon_pkg']
[0.363s] Level 1:colcon.colcon_core.package_identification:_identify(diff_bot) by extension 'colcon_pkg'
[0.363s] Level 1:colcon.colcon_core.package_identification:_identify(diff_bot) by extensions ['colcon_meta']
[0.363s] Level 1:colcon.colcon_core.package_identification:_identify(diff_bot) by extension 'colcon_meta'
[0.363s] Level 1:colcon.colcon_core.package_identification:_identify(diff_bot) by extensions ['ros']
[0.363s] Level 1:colcon.colcon_core.package_identification:_identify(diff_bot) by extension 'ros'
[0.365s] DEBUG:colcon.colcon_core.package_identification:Package 'diff_bot' with type 'ros.ament_cmake' and name 'diff_bot'
[0.365s] Level 1:colcon.colcon_core.package_identification:_identify(install) by extensions ['ignore', 'ignore_ament_install']
[0.365s] Level 1:colcon.colcon_core.package_identification:_identify(install) by extension 'ignore'
[0.365s] Level 1:colcon.colcon_core.package_identification:_identify(install) ignored
[0.366s] Level 1:colcon.colcon_core.package_identification:_identify(log) by extensions ['ignore', 'ignore_ament_install']
[0.366s] Level 1:colcon.colcon_core.package_identification:_identify(log) by extension 'ignore'
[0.366s] Level 1:colcon.colcon_core.package_identification:_identify(log) ignored
[0.366s] Level 1:colcon.colcon_core.package_identification:_identify(ros2_control_diff_drive) by extensions ['ignore', 'ignore_ament_install']
[0.366s] Level 1:colcon.colcon_core.package_identification:_identify(ros2_control_diff_drive) by extension 'ignore'
[0.366s] Level 1:colcon.colcon_core.package_identification:_identify(ros2_control_diff_drive) by extension 'ignore_ament_install'
[0.366s] Level 1:colcon.colcon_core.package_identification:_identify(ros2_control_diff_drive) by extensions ['colcon_pkg']
[0.366s] Level 1:colcon.colcon_core.package_identification:_identify(ros2_control_diff_drive) by extension 'colcon_pkg'
[0.366s] Level 1:colcon.colcon_core.package_identification:_identify(ros2_control_diff_drive) by extensions ['colcon_meta']
[0.366s] Level 1:colcon.colcon_core.package_identification:_identify(ros2_control_diff_drive) by extension 'colcon_meta'
[0.366s] Level 1:colcon.colcon_core.package_identification:_identify(ros2_control_diff_drive) by extensions ['ros']
[0.366s] Level 1:colcon.colcon_core.package_identification:_identify(ros2_control_diff_drive) by extension 'ros'
[0.366s] Level 1:colcon.colcon_core.package_identification:_identify(ros2_control_diff_drive) by extensions ['cmake', 'python']
[0.366s] Level 1:colcon.colcon_core.package_identification:_identify(ros2_control_diff_drive) by extension 'cmake'
[0.366s] Level 1:colcon.colcon_core.package_identification:_identify(ros2_control_diff_drive) by extension 'python'
[0.366s] Level 1:colcon.colcon_core.package_identification:_identify(ros2_control_diff_drive) by extensions ['python_setup_py']
[0.366s] Level 1:colcon.colcon_core.package_identification:_identify(ros2_control_diff_drive) by extension 'python_setup_py'
[0.366s] Level 1:colcon.colcon_core.package_identification:_identify(ros2_control_diff_drive/diffdrive) by extensions ['ignore', 'ignore_ament_install']
[0.366s] Level 1:colcon.colcon_core.package_identification:_identify(ros2_control_diff_drive/diffdrive) by extension 'ignore'
[0.367s] Level 1:colcon.colcon_core.package_identification:_identify(ros2_control_diff_drive/diffdrive) by extension 'ignore_ament_install'
[0.367s] Level 1:colcon.colcon_core.package_identification:_identify(ros2_control_diff_drive/diffdrive) by extensions ['colcon_pkg']
[0.367s] Level 1:colcon.colcon_core.package_identification:_identify(ros2_control_diff_drive/diffdrive) by extension 'colcon_pkg'
[0.367s] Level 1:colcon.colcon_core.package_identification:_identify(ros2_control_diff_drive/diffdrive) by extensions ['colcon_meta']
[0.367s] Level 1:colcon.colcon_core.package_identification:_identify(ros2_control_diff_drive/diffdrive) by extension 'colcon_meta'
[0.367s] Level 1:colcon.colcon_core.package_identification:_identify(ros2_control_diff_drive/diffdrive) by extensions ['ros']
[0.367s] Level 1:colcon.colcon_core.package_identification:_identify(ros2_control_diff_drive/diffdrive) by extension 'ros'
[0.368s] DEBUG:colcon.colcon_core.package_identification:Package 'ros2_control_diff_drive/diffdrive' with type 'ros.ament_cmake' and name 'diffdrive_arduino'
[0.368s] Level 1:colcon.colcon_core.package_identification:_identify(ros2_control_diff_drive/doc) by extensions ['ignore', 'ignore_ament_install']
[0.368s] Level 1:colcon.colcon_core.package_identification:_identify(ros2_control_diff_drive/doc) by extension 'ignore'
[0.368s] Level 1:colcon.colcon_core.package_identification:_identify(ros2_control_diff_drive/doc) by extension 'ignore_ament_install'
[0.368s] Level 1:colcon.colcon_core.package_identification:_identify(ros2_control_diff_drive/doc) by extensions ['colcon_pkg']
[0.368s] Level 1:colcon.colcon_core.package_identification:_identify(ros2_control_diff_drive/doc) by extension 'colcon_pkg'
[0.368s] Level 1:colcon.colcon_core.package_identification:_identify(ros2_control_diff_drive/doc) by extensions ['colcon_meta']
[0.368s] Level 1:colcon.colcon_core.package_identification:_identify(ros2_control_diff_drive/doc) by extension 'colcon_meta'
[0.368s] Level 1:colcon.colcon_core.package_identification:_identify(ros2_control_diff_drive/doc) by extensions ['ros']
[0.368s] Level 1:colcon.colcon_core.package_identification:_identify(ros2_control_diff_drive/doc) by extension 'ros'
[0.368s] Level 1:colcon.colcon_core.package_identification:_identify(ros2_control_diff_drive/doc) by extensions ['cmake', 'python']
[0.368s] Level 1:colcon.colcon_core.package_identification:_identify(ros2_control_diff_drive/doc) by extension 'cmake'
[0.368s] Level 1:colcon.colcon_core.package_identification:_identify(ros2_control_diff_drive/doc) by extension 'python'
[0.368s] Level 1:colcon.colcon_core.package_identification:_identify(ros2_control_diff_drive/doc) by extensions ['python_setup_py']
[0.368s] Level 1:colcon.colcon_core.package_identification:_identify(ros2_control_diff_drive/doc) by extension 'python_setup_py'
[0.368s] Level 1:colcon.colcon_core.package_identification:_identify(serial) by extensions ['ignore', 'ignore_ament_install']
[0.368s] Level 1:colcon.colcon_core.package_identification:_identify(serial) by extension 'ignore'
[0.369s] Level 1:colcon.colcon_core.package_identification:_identify(serial) by extension 'ignore_ament_install'
[0.369s] Level 1:colcon.colcon_core.package_identification:_identify(serial) by extensions ['colcon_pkg']
[0.369s] Level 1:colcon.colcon_core.package_identification:_identify(serial) by extension 'colcon_pkg'
[0.369s] Level 1:colcon.colcon_core.package_identification:_identify(serial) by extensions ['colcon_meta']
[0.369s] Level 1:colcon.colcon_core.package_identification:_identify(serial) by extension 'colcon_meta'
[0.369s] Level 1:colcon.colcon_core.package_identification:_identify(serial) by extensions ['ros']
[0.369s] Level 1:colcon.colcon_core.package_identification:_identify(serial) by extension 'ros'
[0.369s] DEBUG:colcon.colcon_core.package_identification:Package 'serial' with type 'ros.ament_cmake' and name 'serial'
[0.369s] Level 1:colcon.colcon_core.package_discovery:discover_packages(recursive) using defaults
[0.369s] Level 1:colcon.colcon_core.package_discovery:discover_packages(ignore) discover
[0.369s] Level 1:colcon.colcon_core.package_discovery:discover_packages(ignore) using defaults
[0.369s] Level 1:colcon.colcon_core.package_discovery:discover_packages(path) discover
[0.369s] Level 1:colcon.colcon_core.package_discovery:discover_packages(path) using defaults
[0.384s] INFO:colcon.colcon_core.package_selection:Skipping not selected package 'serial' in 'serial'
[0.384s] INFO:colcon.colcon_core.package_selection:Skipping not selected package 'diffdrive_arduino' in 'ros2_control_diff_drive/diffdrive'
[0.384s] Level 1:colcon.colcon_core.package_discovery:discover_packages(prefix_path) check parameters
[0.384s] Level 1:colcon.colcon_core.package_discovery:discover_packages(prefix_path) discover
[0.386s] DEBUG:colcon.colcon_installed_package_information.package_discovery:Found 9 installed packages in /home/robozoz/ws/install
[0.387s] DEBUG:colcon.colcon_installed_package_information.package_discovery:Found 321 installed packages in /opt/ros/foxy
[0.390s] Level 1:colcon.colcon_core.package_discovery:discover_packages(prefix_path) using defaults
[0.466s] Level 5:colcon.colcon_core.verb:set package 'diff_bot' build argument 'cmake_args' from command line to 'None'
[0.466s] Level 5:colcon.colcon_core.verb:set package 'diff_bot' build argument 'cmake_target' from command line to 'None'
[0.466s] Level 5:colcon.colcon_core.verb:set package 'diff_bot' build argument 'cmake_target_skip_unavailable' from command line to 'False'
[0.466s] Level 5:colcon.colcon_core.verb:set package 'diff_bot' build argument 'cmake_clean_cache' from command line to 'False'
[0.466s] Level 5:colcon.colcon_core.verb:set package 'diff_bot' build argument 'cmake_clean_first' from command line to 'False'
[0.466s] Level 5:colcon.colcon_core.verb:set package 'diff_bot' build argument 'cmake_force_configure' from command line to 'False'
[0.466s] Level 5:colcon.colcon_core.verb:set package 'diff_bot' build argument 'ament_cmake_args' from command line to 'None'
[0.467s] Level 5:colcon.colcon_core.verb:set package 'diff_bot' build argument 'catkin_cmake_args' from command line to 'None'
[0.467s] Level 5:colcon.colcon_core.verb:set package 'diff_bot' build argument 'catkin_skip_building_tests' from command line to 'False'
[0.467s] DEBUG:colcon.colcon_core.verb:Building package 'diff_bot' with the following arguments: {'ament_cmake_args': None, 'build_base': '/home/robozoz/course_ws/src/build/diff_bot', 'catkin_cmake_args': None, 'catkin_skip_building_tests': False, 'cmake_args': None, 'cmake_clean_cache': False, 'cmake_clean_first': False, 'cmake_force_configure': False, 'cmake_target': None, 'cmake_target_skip_unavailable': False, 'install_base': '/home/robozoz/course_ws/src/install/diff_bot', 'merge_install': False, 'path': '/home/robozoz/course_ws/src/diff_bot', 'symlink_install': True, 'test_result_base': None}
[0.467s] INFO:colcon.colcon_core.executor:Executing jobs using 'parallel' executor
[0.468s] DEBUG:colcon.colcon_parallel_executor.executor.parallel:run_until_complete
[0.468s] INFO:colcon.colcon_ros.task.ament_cmake.build:Building ROS package in '/home/robozoz/course_ws/src/diff_bot' with build type 'ament_cmake'
[0.468s] INFO:colcon.colcon_cmake.task.cmake.build:Building CMake package in '/home/robozoz/course_ws/src/diff_bot'
[0.470s] INFO:colcon.colcon_core.plugin_system:Skipping extension 'colcon_core.shell.bat': Not used on non-Windows systems
[0.470s] INFO:colcon.colcon_core.shell:Skip shell extension 'powershell' for command environment: Not usable outside of PowerShell
[0.470s] DEBUG:colcon.colcon_core.shell:Skip shell extension 'dsv' for command environment
[0.480s] DEBUG:colcon.colcon_core.event_handler.log_command:Invoking command in '/home/robozoz/course_ws/src/build/diff_bot': CMAKE_PREFIX_PATH=${CMAKE_PREFIX_PATH}:/home/robozoz/ws/install/opencv_tests:/opt/ros/foxy /usr/bin/cmake /home/robozoz/course_ws/src/diff_bot -DAMENT_CMAKE_SYMLINK_INSTALL=1 -DCMAKE_INSTALL_PREFIX=/home/robozoz/course_ws/src/install/diff_bot
[2.440s] DEBUG:colcon.colcon_core.event_handler.log_command:Invoked command in '/home/robozoz/course_ws/src/build/diff_bot' returned '0': CMAKE_PREFIX_PATH=${CMAKE_PREFIX_PATH}:/home/robozoz/ws/install/opencv_tests:/opt/ros/foxy /usr/bin/cmake /home/robozoz/course_ws/src/diff_bot -DAMENT_CMAKE_SYMLINK_INSTALL=1 -DCMAKE_INSTALL_PREFIX=/home/robozoz/course_ws/src/install/diff_bot
[2.443s] DEBUG:colcon.colcon_core.event_handler.log_command:Invoking command in '/home/robozoz/course_ws/src/build/diff_bot': CMAKE_PREFIX_PATH=${CMAKE_PREFIX_PATH}:/home/robozoz/ws/install/opencv_tests:/opt/ros/foxy /usr/bin/cmake --build /home/robozoz/course_ws/src/build/diff_bot -- -j8 -l8
[2.494s] DEBUG:colcon.colcon_core.event_handler.log_command:Invoked command in '/home/robozoz/course_ws/src/build/diff_bot' returned '0': CMAKE_PREFIX_PATH=${CMAKE_PREFIX_PATH}:/home/robozoz/ws/install/opencv_tests:/opt/ros/foxy /usr/bin/cmake --build /home/robozoz/course_ws/src/build/diff_bot -- -j8 -l8
[2.536s] DEBUG:colcon.colcon_core.event_handler.log_command:Invoking command in '/home/robozoz/course_ws/src/build/diff_bot': CMAKE_PREFIX_PATH=${CMAKE_PREFIX_PATH}:/home/robozoz/ws/install/opencv_tests:/opt/ros/foxy /usr/bin/cmake --install /home/robozoz/course_ws/src/build/diff_bot
[2.856s] Level 1:colcon.colcon_core.environment:create_environment_scripts_only(diff_bot)
[2.857s] DEBUG:colcon.colcon_core.event_handler.log_command:Invoked command in '/home/robozoz/course_ws/src/build/diff_bot' returned '0': CMAKE_PREFIX_PATH=${CMAKE_PREFIX_PATH}:/home/robozoz/ws/install/opencv_tests:/opt/ros/foxy /usr/bin/cmake --install /home/robozoz/course_ws/src/build/diff_bot
[2.859s] Level 1:colcon.colcon_core.environment:checking '/home/robozoz/course_ws/src/install/diff_bot' for CMake module files
[2.860s] Level 1:colcon.colcon_core.environment:checking '/home/robozoz/course_ws/src/install/diff_bot' for CMake config files
[2.860s] Level 1:colcon.colcon_core.shell:create_environment_hook('diff_bot', 'cmake_prefix_path')
[2.860s] INFO:colcon.colcon_core.shell:Creating environment hook '/home/robozoz/course_ws/src/install/diff_bot/share/diff_bot/hook/cmake_prefix_path.ps1'
[2.861s] INFO:colcon.colcon_core.shell:Creating environment descriptor '/home/robozoz/course_ws/src/install/diff_bot/share/diff_bot/hook/cmake_prefix_path.dsv'
[2.862s] INFO:colcon.colcon_core.shell:Creating environment hook '/home/robozoz/course_ws/src/install/diff_bot/share/diff_bot/hook/cmake_prefix_path.sh'
[2.863s] Level 1:colcon.colcon_core.environment:checking '/home/robozoz/course_ws/src/install/diff_bot/bin'
[2.863s] Level 1:colcon.colcon_core.environment:checking '/home/robozoz/course_ws/src/install/diff_bot/lib/pkgconfig/diff_bot.pc'
[2.863s] Level 1:colcon.colcon_core.environment:checking '/home/robozoz/course_ws/src/install/diff_bot/lib/python3.8/site-packages'
[2.864s] Level 1:colcon.colcon_core.environment:checking '/home/robozoz/course_ws/src/install/diff_bot/bin'
[2.864s] INFO:colcon.colcon_core.shell:Creating package script '/home/robozoz/course_ws/src/install/diff_bot/share/diff_bot/package.ps1'
[2.865s] INFO:colcon.colcon_core.shell:Creating package descriptor '/home/robozoz/course_ws/src/install/diff_bot/share/diff_bot/package.dsv'
[2.866s] INFO:colcon.colcon_core.shell:Creating package script '/home/robozoz/course_ws/src/install/diff_bot/share/diff_bot/package.sh'
[2.867s] INFO:colcon.colcon_core.shell:Creating package script '/home/robozoz/course_ws/src/install/diff_bot/share/diff_bot/package.bash'
[2.868s] INFO:colcon.colcon_core.shell:Creating package script '/home/robozoz/course_ws/src/install/diff_bot/share/diff_bot/package.zsh'
[2.868s] Level 1:colcon.colcon_core.environment:create_file_with_runtime_dependencies(/home/robozoz/course_ws/src/install/diff_bot/share/colcon-core/packages/diff_bot)
[2.897s] Level 1:colcon.colcon_core.environment:create_environment_scripts_only(diff_bot)
[2.898s] Level 1:colcon.colcon_core.environment:checking '/home/robozoz/course_ws/src/install/diff_bot' for CMake module files
[2.898s] Level 1:colcon.colcon_core.environment:checking '/home/robozoz/course_ws/src/install/diff_bot' for CMake config files
[2.898s] Level 1:colcon.colcon_core.shell:create_environment_hook('diff_bot', 'cmake_prefix_path')
[2.899s] INFO:colcon.colcon_core.shell:Creating environment hook '/home/robozoz/course_ws/src/install/diff_bot/share/diff_bot/hook/cmake_prefix_path.ps1'
[2.899s] INFO:colcon.colcon_core.shell:Creating environment descriptor '/home/robozoz/course_ws/src/install/diff_bot/share/diff_bot/hook/cmake_prefix_path.dsv'
[2.900s] INFO:colcon.colcon_core.shell:Creating environment hook '/home/robozoz/course_ws/src/install/diff_bot/share/diff_bot/hook/cmake_prefix_path.sh'
[2.900s] Level 1:colcon.colcon_core.environment:checking '/home/robozoz/course_ws/src/install/diff_bot/bin'
[2.900s] Level 1:colcon.colcon_core.environment:checking '/home/robozoz/course_ws/src/install/diff_bot/lib/pkgconfig/diff_bot.pc'
[2.901s] Level 1:colcon.colcon_core.environment:checking '/home/robozoz/course_ws/src/install/diff_bot/lib/python3.8/site-packages'
[2.901s] Level 1:colcon.colcon_core.environment:checking '/home/robozoz/course_ws/src/install/diff_bot/bin'
[2.901s] INFO:colcon.colcon_core.shell:Creating package script '/home/robozoz/course_ws/src/install/diff_bot/share/diff_bot/package.ps1'
[2.902s] INFO:colcon.colcon_core.shell:Creating package descriptor '/home/robozoz/course_ws/src/install/diff_bot/share/diff_bot/package.dsv'
[2.903s] INFO:colcon.colcon_core.shell:Creating package script '/home/robozoz/course_ws/src/install/diff_bot/share/diff_bot/package.sh'
[2.903s] INFO:colcon.colcon_core.shell:Creating package script '/home/robozoz/course_ws/src/install/diff_bot/share/diff_bot/package.bash'
[2.904s] INFO:colcon.colcon_core.shell:Creating package script '/home/robozoz/course_ws/src/install/diff_bot/share/diff_bot/package.zsh'
[2.904s] Level 1:colcon.colcon_core.environment:create_file_with_runtime_dependencies(/home/robozoz/course_ws/src/install/diff_bot/share/colcon-core/packages/diff_bot)
[2.905s] DEBUG:colcon.colcon_parallel_executor.executor.parallel:closing loop
[2.905s] DEBUG:colcon.colcon_parallel_executor.executor.parallel:loop closed
[2.905s] DEBUG:colcon.colcon_parallel_executor.executor.parallel:run_until_complete finished with '0'
[2.905s] DEBUG:colcon.colcon_core.event_reactor:joining thread
[2.912s] INFO:colcon.colcon_core.plugin_system:Skipping extension 'colcon_notification.desktop_notification.terminal_notifier': Not used on non-Darwin systems
[2.912s] INFO:colcon.colcon_core.plugin_system:Skipping extension 'colcon_notification.desktop_notification.win32': Not used on non-Windows systems
[2.912s] INFO:colcon.colcon_notification.desktop_notification:Sending desktop notification using 'notify2'
[2.926s] DEBUG:colcon.colcon_core.event_reactor:joined thread
[2.927s] INFO:colcon.colcon_core.shell:Creating prefix script '/home/robozoz/course_ws/src/install/local_setup.ps1'
[2.928s] INFO:colcon.colcon_core.shell:Creating prefix util module '/home/robozoz/course_ws/src/install/_local_setup_util_ps1.py'
[2.930s] INFO:colcon.colcon_core.shell:Creating prefix chain script '/home/robozoz/course_ws/src/install/setup.ps1'
[2.931s] INFO:colcon.colcon_core.shell:Creating prefix script '/home/robozoz/course_ws/src/install/local_setup.sh'
[2.932s] INFO:colcon.colcon_core.shell:Creating prefix util module '/home/robozoz/course_ws/src/install/_local_setup_util_sh.py'
[2.932s] INFO:colcon.colcon_core.shell:Creating prefix chain script '/home/robozoz/course_ws/src/install/setup.sh'
[2.934s] INFO:colcon.colcon_core.shell:Creating prefix script '/home/robozoz/course_ws/src/install/local_setup.bash'
[2.934s] INFO:colcon.colcon_core.shell:Creating prefix chain script '/home/robozoz/course_ws/src/install/setup.bash'
[2.936s] INFO:colcon.colcon_core.shell:Creating prefix script '/home/robozoz/course_ws/src/install/local_setup.zsh'
[2.936s] INFO:colcon.colcon_core.shell:Creating prefix chain script '/home/robozoz/course_ws/src/install/setup.zsh'
